Compiling c:\ntddk\src\wdm\audio\wdmhda-main directory ********************
'nmake.exe /c BUILDMSG=Stop. -i NTTEST= UMTEST= NOLINK=1 386=1'
    rc -l 409 -z "MS Sans Serif,Helv/MS Shell Dlg"  -r -fo objchk\i386\hda.tmp -D_X86_=1 -Di386=1  -DSTD_CALL -DCONDITION_HANDLING=1 -DNT_UP=1  -DNT_INST=0 -DWIN32=100 -D_NT1X_=100 -DWINNT=1 -D_WIN32_WINNT=0x0500 -DWINVER=0x0500 -D_WIN32_IE=0x0501    -DWIN32_LEAN_AND_MEAN=1 -DDBG=1 -DDEVL=1 -DFPO=0    -DNDEBUG -D_DLL=1 -D_WIN32 -DUNICODE -D_UNICODE -DUNDER_NT   -I..\inc -Ic:\NTDDK\inc -Ic:\NTDDK\inc -Ic:\NTDDK\inc\ddk -Ic:\NTDDK\inc\ddk\wdm -Ic:\NTDDK\private\inc -Ic:\NTDDK\inc .\hda.rc
cl -nologo -Ii386\ -I. -I..\inc -Ic:\NTDDK\inc -Ic:\NTDDK\inc -Ic:\NTDDK\inc\ddk -Ic:\NTDDK\inc\ddk\wdm -Ic:\NTDDK\private\inc -Ic:\NTDDK\inc -D_X86_=1 -Di386=1  -DSTD_CALL -DCONDITION_HANDLING=1 -DNT_UP=1  -DNT_INST=0 -DWIN32=100 -D_NT1X_=100 -DWINNT=1 -D_WIN32_WINNT=0x0500 -DWINVER=0x0500 -D_WIN32_IE=0x0501    -DWIN32_LEAN_AND_MEAN=1 -DDBG=1 -DDEVL=1 -DFPO=0    -DNDEBUG -D_DLL=1 -D_WIN32 -DUNICODE -D_UNICODE -DUNDER_NT     /c /Zel /Zp8 /Gy -cbstring -W3 -WX /Gz  /QIfdiv- /QIf /QI0f /GB /Gi- /Gm- /GX-  /GR- /GF -Z7 /Od /Oi /Oy-   -FIc:\NTDDK\inc\warning.h  .\adapter.cpp
adapter.cpp
cl -nologo -Ii386\ -I. -I..\inc -Ic:\NTDDK\inc -Ic:\NTDDK\inc -Ic:\NTDDK\inc\ddk -Ic:\NTDDK\inc\ddk\wdm -Ic:\NTDDK\private\inc -Ic:\NTDDK\inc -D_X86_=1 -Di386=1  -DSTD_CALL -DCONDITION_HANDLING=1 -DNT_UP=1  -DNT_INST=0 -DWIN32=100 -D_NT1X_=100 -DWINNT=1 -D_WIN32_WINNT=0x0500 -DWINVER=0x0500 -D_WIN32_IE=0x0501    -DWIN32_LEAN_AND_MEAN=1 -DDBG=1 -DDEVL=1 -DFPO=0    -DNDEBUG -D_DLL=1 -D_WIN32 -DUNICODE -D_UNICODE -DUNDER_NT     /c /Zel /Zp8 /Gy -cbstring -W3 -WX /Gz  /QIfdiv- /QIf /QI0f /GB /Gi- /Gm- /GX-  /GR- /GF -Z7 /Od /Oi /Oy-   -FIc:\NTDDK\inc\warning.h  .\common.cpp
common.cpp
.\codec.h(16) : error C2220: warning treated as error - no object file generated
.\codec.h(16) : warning C4099: 'IAdapterCommon' : type name first seen using 'struct' now seen using 'class'
        .\common.h(233) : see declaration of 'IAdapterCommon'
.\codec.h(47) : error C2629: unexpected 'class HDA_Codec ('
.\codec.h(47) : error C2238: unexpected token(s) preceding ';'
.\common.cpp(1338) : error C2661: 'HDA_Codec::HDA_Codec' : no overloaded function takes 2 parameters
.\common.cpp(1396) : error C2661: 'HDA_Codec::HDA_Codec' : no overloaded function takes 2 parameters
.\common.cpp(1447) : error C2661: 'HDA_Codec::HDA_Codec' : no overloaded function takes 2 parameters
cl -nologo -Ii386\ -I. -I..\inc -Ic:\NTDDK\inc -Ic:\NTDDK\inc -Ic:\NTDDK\inc\ddk -Ic:\NTDDK\inc\ddk\wdm -Ic:\NTDDK\private\inc -Ic:\NTDDK\inc -D_X86_=1 -Di386=1  -DSTD_CALL -DCONDITION_HANDLING=1 -DNT_UP=1  -DNT_INST=0 -DWIN32=100 -D_NT1X_=100 -DWINNT=1 -D_WIN32_WINNT=0x0500 -DWINVER=0x0500 -D_WIN32_IE=0x0501    -DWIN32_LEAN_AND_MEAN=1 -DDBG=1 -DDEVL=1 -DFPO=0    -DNDEBUG -D_DLL=1 -D_WIN32 -DUNICODE -D_UNICODE -DUNDER_NT     /c /Zel /Zp8 /Gy -cbstring -W3 -WX /Gz  /QIfdiv- /QIf /QI0f /GB /Gi- /Gm- /GX-  /GR- /GF -Z7 /Od /Oi /Oy-   -FIc:\NTDDK\inc\warning.h  .\codec.cpp
codec.cpp
.\codec.h(16) : error C2220: warning treated as error - no object file generated
.\codec.h(16) : warning C4099: 'IAdapterCommon' : type name first seen using 'struct' now seen using 'class'
        .\common.h(233) : see declaration of 'IAdapterCommon'
.\codec.h(47) : error C2629: unexpected 'class HDA_Codec ('
.\codec.h(47) : error C2238: unexpected token(s) preceding ';'
.\codec.cpp(20) : error C2065: 'CAdapterCommon' : undeclared identifier
.\codec.cpp(20) : error C2065: 'adapter' : undeclared identifier
.\codec.cpp(20) : error C2275: 'UCHAR' : illegal use of this type as an expression
        c:\NTDDK\inc\ntdef.h(360) : see declaration of 'UCHAR'
.\codec.cpp(20) : error C2146: syntax error : missing ')' before identifier 'address'
.\codec.cpp(20) : error C2350: 'HDA_Codec::HDA_Codec::HDA_Codec' is not a static member
.\codec.cpp(20) : error C2078: too many initializers
.\codec.cpp(20) : error C2275: 'UCHAR' : illegal use of this type as an expression
        c:\NTDDK\inc\ntdef